0 info it worked if it ends with ok
1 verbose cli [ 'F:\\nodejs\\node.exe',
1 verbose cli   'F:\\nodejs\\node_modules\\npm\\bin\\npm-cli.js',
1 verbose cli   'install',
1 verbose cli   '--save',
1 verbose cli   'git：//github.com/theworkers/connect-favicons.git' ]
2 info using npm@3.10.10
3 info using node@v6.11.3
4 silly loadCurrentTree Starting
5 silly install loadCurrentTree
6 silly install readLocalPackageData
7 silly fetchPackageMetaData git：//github.com/theworkers/connect-favicons.git
8 silly fetchOtherPackageData git：//github.com/theworkers/connect-favicons.git
9 silly cache add args [ 'git：//github.com/theworkers/connect-favicons.git', null ]
10 verbose cache add spec git：//github.com/theworkers/connect-favicons.git
11 silly cache add parsed spec Result {
11 silly cache add   raw: 'git：//github.com/theworkers/connect-favicons.git',
11 silly cache add   scope: null,
11 silly cache add   escapedName: null,
11 silly cache add   name: null,
11 silly cache add   rawSpec: 'git：//github.com/theworkers/connect-favicons.git',
11 silly cache add   spec: 'F:\\myblog\\git：\\github.com\\theworkers\\connect-favicons.git',
11 silly cache add   type: 'local' }
12 error addLocal Could not install F:\myblog\git：\github.com\theworkers\connect-favicons.git
13 silly fetchPackageMetaData Error: ENOENT: no such file or directory, open 'F:\myblog\git：\github.com\theworkers\connect-favicons.git'
13 silly fetchPackageMetaData     at Error (native)
13 silly fetchPackageMetaData  error for git：//github.com/theworkers/connect-favicons.git { Error: ENOENT: no such file or directory, open 'F:\myblog\git：\github.com\theworkers\connect-favicons.git'
13 silly fetchPackageMetaData     at Error (native)
13 silly fetchPackageMetaData   errno: -4058,
13 silly fetchPackageMetaData   code: 'ENOENT',
13 silly fetchPackageMetaData   syscall: 'open',
13 silly fetchPackageMetaData   path: 'F:\\myblog\\git：\\github.com\\theworkers\\connect-favicons.git' }
14 silly rollbackFailedOptional Starting
15 silly rollbackFailedOptional Finishing
16 silly runTopLevelLifecycles Finishing
17 silly install printInstalled
18 verbose stack Error: ENOENT: no such file or directory, open 'F:\myblog\git：\github.com\theworkers\connect-favicons.git'
18 verbose stack     at Error (native)
19 verbose cwd F:\myblog
20 error Windows_NT 6.1.7601
21 error argv "F:\\nodejs\\node.exe" "F:\\nodejs\\node_modules\\npm\\bin\\npm-cli.js" "install" "--save" "git：//github.com/theworkers/connect-favicons.git"
22 error node v6.11.3
23 error npm  v3.10.10
24 error path F:\myblog\git：\github.com\theworkers\connect-favicons.git
25 error code ENOENT
26 error errno -4058
27 error syscall open
28 error enoent ENOENT: no such file or directory, open 'F:\myblog\git：\github.com\theworkers\connect-favicons.git'
29 error enoent ENOENT: no such file or directory, open 'F:\myblog\git：\github.com\theworkers\connect-favicons.git'
29 error enoent This is most likely not a problem with npm itself
29 error enoent and is related to npm not being able to find a file.
30 verbose exit [ -4058, true ]
